============================= test session starts ==============================
platform darwin -- Python 3.11.14, pytest-9.0.2, pluggy-1.6.0 -- /opt/homebrew/Caskroom/miniconda/base/envs/platform-auto/bin/python3.11
cachedir: .pytest_cache
rootdir: /Users/poco/Documents/Projects/Sisyphus-api-engine
configfile: pyproject.toml
plugins: anyio-4.12.1, allure-pytest-2.15.3
collecting ... collected 510 items

tests/core/test_models.py::TestHttpMethod::test_http_method_values PASSED [  0%]
tests/core/test_models.py::TestErrorCategory::test_error_category_values PASSED [  0%]
tests/core/test_models.py::TestProfileConfig::test_create_profile_config PASSED [  0%]
tests/core/test_models.py::TestProfileConfig::test_create_profile_config_with_custom_values PASSED [  0%]
tests/core/test_models.py::TestGlobalConfig::test_create_global_config_minimal PASSED [  0%]
tests/core/test_models.py::TestGlobalConfig::test_create_global_config_full PASSED [  1%]
tests/core/test_models.py::TestValidationRule::test_create_validation_rule_minimal PASSED [  1%]
tests/core/test_models.py::TestValidationRule::test_create_validation_rule_full PASSED [  1%]
tests/core/test_models.py::TestExtractor::test_create_extractor PASSED   [  1%]
tests/core/test_models.py::TestTestStep::test_create_request_step_minimal PASSED [  1%]
tests/core/test_models.py::TestTestStep::test_create_request_step_full PASSED [  2%]
tests/core/test_models.py::TestTestStep::test_create_script_step PASSED  [  2%]
tests/core/test_models.py::TestTestStep::test_create_loop_step PASSED    [  2%]
tests/core/test_models.py::TestModelTestCase::test_create_test_case_minimal PASSED [  2%]
tests/core/test_models.py::TestModelTestCase::test_create_test_case_full PASSED [  2%]
tests/core/test_models.py::TestStepResult::test_create_step_result PASSED [  3%]
tests/core/test_models.py::TestErrorInfo::test_create_error_info PASSED  [  3%]
tests/core/test_models.py::TestPerformanceMetrics::test_create_performance_metrics_default PASSED [  3%]
tests/core/test_models.py::TestPerformanceMetrics::test_create_performance_metrics_full PASSED [  3%]
tests/core/test_models.py::TestTestCaseResult::test_create_test_case_result PASSED [  3%]
tests/core/test_template_functions.py::TestTemplateFunctions::test_random_function PASSED [  4%]
tests/core/test_template_functions.py::TestTemplateFunctions::test_random_with_range PASSED [  4%]
tests/core/test_template_functions.py::TestTemplateFunctions::test_random_str_function PASSED [  4%]
tests/core/test_template_functions.py::TestTemplateFunctions::test_random_str_with_length PASSED [  4%]
tests/core/test_template_functions.py::TestTemplateFunctions::test_random_str_with_custom_chars PASSED [  4%]
tests/core/test_template_functions.py::TestTemplateFunctions::test_uuid_function PASSED [  5%]
tests/core/test_template_functions.py::TestTemplateFunctions::test_uuid4_function PASSED [  5%]
tests/core/test_template_functions.py::TestTemplateFunctions::test_timestamp_function PASSED [  5%]
tests/core/test_template_functions.py::TestTemplateFunctions::test_timestamp_ms_function PASSED [  5%]
tests/core/test_template_functions.py::TestTemplateFunctions::test_date_function_default_format PASSED [  5%]
tests/core/test_template_functions.py::TestTemplateFunctions::test_date_function_custom_format PASSED [  6%]
tests/core/test_template_functions.py::TestTemplateFunctions::test_now_function PASSED [  6%]
tests/core/test_template_functions.py::TestTemplateFunctions::test_choice_function PASSED [  6%]
tests/core/test_template_functions.py::TestTemplateFunctions::test_nested_function_calls PASSED [  6%]
tests/core/test_template_functions.py::TestTemplateFunctions::test_multiple_function_calls PASSED [  6%]
tests/core/test_template_functions.py::TestTemplateFunctions::test_combined_functions_and_variables PASSED [  7%]
tests/core/test_template_functions.py::TestTemplateFunctions::test_randint_alias PASSED [  7%]
tests/core/test_template_functions.py::TestComplexScenarios::test_dynamic_table_name PASSED [  7%]
tests/core/test_template_functions.py::TestComplexScenarios::test_user_id_with_uuid PASSED [  7%]
tests/core/test_template_functions.py::TestComplexScenarios::test_complex_filename_generation PASSED [  7%]
tests/core/test_template_functions.py::TestComplexScenarios::test_request_parameters_with_functions PASSED [  8%]
tests/core/test_template_functions.py::TestComplexScenarios::test_json_with_functions PASSED [  8%]
tests/core/test_variable_manager.py::TestVariableManager::test_initialization PASSED [  8%]
tests/core/test_variable_manager.py::TestVariableManager::test_initialization_with_global_vars PASSED [  8%]
tests/core/test_variable_manager.py::TestVariableManager::test_set_and_get_global_variable PASSED [  8%]
tests/core/test_variable_manager.py::TestVariableManager::test_get_variable_with_default PASSED [  9%]
tests/core/test_variable_manager.py::TestVariableManager::test_set_profile PASSED [  9%]
tests/core/test_variable_manager.py::TestVariableManager::test_variable_priority PASSED [  9%]
tests/core/test_variable_manager.py::TestVariableManager::test_get_all_variables PASSED [  9%]
tests/core/test_variable_manager.py::TestVariableManager::test_render_string_simple PASSED [  9%]
tests/core/test_variable_manager.py::TestVariableManager::test_render_string_nested PASSED [ 10%]
tests/core/test_variable_manager.py::TestVariableManager::test_render_dict PASSED [ 10%]
tests/core/test_variable_manager.py::TestVariableManager::test_render_list PASSED [ 10%]
tests/core/test_variable_manager.py::TestVariableManager::test_render_non_string PASSED [ 10%]
tests/core/test_variable_manager.py::TestVariableManager::test_render_no_template_syntax PASSED [ 10%]
tests/core/test_variable_manager.py::TestVariableManager::test_snapshot_and_restore PASSED [ 10%]
tests/core/test_variable_manager.py::TestVariableManager::test_clear_extracted PASSED [ 11%]
tests/core/test_variable_manager.py::TestVariableManager::test_extract_from_string PASSED [ 11%]
tests/core/test_variable_manager.py::TestVariableManager::test_extract_from_string_with_group PASSED [ 11%]
tests/core/test_variable_manager.py::TestVariableManager::test_extract_from_string_no_match PASSED [ 11%]
tests/core/test_variable_manager.py::TestVariableManager::test_extract_from_string_invalid_pattern PASSED [ 11%]
tests/core/test_variable_manager.py::TestVariableScope::test_variable_scope_context PASSED [ 12%]
tests/core/test_variable_manager.py::TestVariableScope::test_variable_scope_restore_on_exit PASSED [ 12%]
tests/core/test_variable_manager.py::TestEnvironmentVariables::test_load_environment_variables_with_prefix PASSED [ 12%]
tests/core/test_variable_manager.py::TestEnvironmentVariables::test_load_environment_variables_without_prefix PASSED [ 12%]
tests/core/test_variable_manager.py::TestEnvironmentVariables::test_environment_variables_priority PASSED [ 12%]
tests/core/test_variable_manager.py::TestEnvironmentVariables::test_environment_variable_not_override_existing PASSED [ 13%]
tests/core/test_variable_manager.py::TestProfileOverrides::test_set_profile_override PASSED [ 13%]
tests/core/test_variable_manager.py::TestProfileOverrides::test_profile_override_priority PASSED [ 13%]
tests/core/test_variable_manager.py::TestProfileOverrides::test_set_multiple_profile_overrides PASSED [ 13%]
tests/core/test_variable_manager.py::TestProfileOverrides::test_clear_profile_overrides PASSED [ 13%]
tests/core/test_variable_manager.py::TestVariableTracking::test_tracking_disabled_by_default PASSED [ 14%]
tests/core/test_variable_manager.py::TestVariableTracking::test_enable_tracking PASSED [ 14%]
tests/core/test_variable_manager.py::TestVariableTracking::test_change_record_structure PASSED [ 14%]
tests/core/test_variable_manager.py::TestVariableTracking::test_get_change_history_for_variable PASSED [ 14%]
tests/core/test_variable_manager.py::TestVariableTracking::test_get_change_history_with_limit PASSED [ 14%]
tests/core/test_variable_manager.py::TestVariableTracking::test_clear_change_history PASSED [ 15%]
tests/core/test_variable_manager.py::TestVariableDelta::test_compute_delta_with_added_variables PASSED [ 15%]
tests/core/test_variable_manager.py::TestVariableDelta::test_compute_delta_with_modified_variables PASSED [ 15%]
tests/core/test_variable_manager.py::TestVariableDelta::test_compute_delta_with_deleted_variables PASSED [ 15%]
tests/core/test_variable_manager.py::TestVariableDelta::test_compute_delta_complex PASSED [ 15%]
tests/core/test_variable_manager.py::TestDebugInfo::test_get_debug_info PASSED [ 16%]
tests/core/test_variable_manager.py::TestDebugInfo::test_export_variables_with_source PASSED [ 16%]
tests/core/test_variable_manager.py::TestDebugInfo::test_export_variables_without_source PASSED [ 16%]
tests/core/test_variable_manager.py::TestVariablePriority::test_full_priority_order PASSED [ 16%]
tests/core/test_variable_manager.py::TestVariablePriority::test_priority_without_extracted PASSED [ 16%]
tests/core/test_variable_manager.py::TestVariablePriority::test_priority_without_override PASSED [ 17%]
tests/executor/test_api_executor.py::TestAPIExecutor::test_initialization PASSED [ 17%]
tests/executor/test_api_executor.py::TestAPIExecutor::test_execute_get_request_success PASSED [ 17%]
tests/executor/test_api_executor.py::TestAPIExecutor::test_execute_post_request_with_json_body PASSED [ 17%]
tests/executor/test_api_executor.py::TestAPIExecutor::test_execute_request_with_query_params PASSED [ 17%]
tests/executor/test_api_executor.py::TestAPIExecutor::test_execute_request_with_validations_pass PASSED [ 18%]
tests/executor/test_api_executor.py::TestAPIExecutor::test_execute_request_with_validation_failure PASSED [ 18%]
tests/executor/test_api_executor.py::TestAPIExecutor::test_execute_request_with_network_error PASSED [ 18%]
tests/executor/test_api_executor.py::TestAPIExecutor::test_execute_request_with_timeout PASSED [ 18%]
tests/executor/test_api_executor.py::TestAPIExecutor::test_execute_request_with_variable_substitution PASSED [ 18%]
tests/executor/test_api_executor.py::TestAPIExecutor::test_parse_response_json PASSED [ 19%]
tests/executor/test_api_executor.py::TestAPIExecutor::test_parse_response_text PASSED [ 19%]
tests/executor/test_api_executor.py::TestAPIExecutor::test_execute_all_http_methods PASSED [ 19%]
tests/executor/test_api_executor.py::TestAPIExecutor::test_performance_metrics_collection PASSED [ 19%]
tests/executor/test_loop_executor.py::TestLoopExecutor::test_initialization PASSED [ 19%]
tests/executor/test_loop_executor.py::TestLoopExecutor::test_for_loop_basic PASSED [ 20%]
tests/executor/test_loop_executor.py::TestLoopExecutor::test_for_loop_without_loop_count PASSED [ 20%]
tests/executor/test_loop_executor.py::TestLoopExecutor::test_for_loop_invalid_loop_count PASSED [ 20%]
tests/executor/test_loop_executor.py::TestLoopExecutor::test_for_loop_negative_count PASSED [ 20%]
tests/executor/test_loop_executor.py::TestLoopExecutor::test_for_loop_without_steps PASSED [ 20%]
tests/executor/test_loop_executor.py::TestLoopExecutor::test_while_loop_basic PASSED [ 20%]
tests/executor/test_loop_executor.py::TestLoopExecutor::test_while_loop_without_condition PASSED [ 21%]
tests/executor/test_loop_executor.py::TestLoopExecutor::test_loop_without_loop_type PASSED [ 21%]
tests/executor/test_loop_executor.py::TestLoopExecutor::test_loop_with_invalid_loop_type PASSED [ 21%]
tests/executor/test_loop_executor.py::TestLoopExecutor::test_for_loop_variable_injection PASSED [ 21%]
tests/executor/test_loop_executor.py::TestLoopExecutor::test_while_loop_variable_injection PASSED [ 21%]
tests/executor/test_loop_executor.py::TestLoopExecutor::test_is_condition_true PASSED [ 22%]
tests/executor/test_loop_executor.py::TestLoopExecutor::test_render_step_for_loop PASSED [ 22%]
tests/executor/test_loop_executor.py::TestLoopExecutor::test_render_step_while_loop PASSED [ 22%]
tests/executor/test_loop_executor.py::TestLoopExecutorScenarios::test_loop_over_data_list PASSED [ 22%]
tests/executor/test_loop_executor.py::TestLoopExecutorScenarios::test_retry_loop_pattern PASSED [ 22%]
tests/executor/test_script_executor.py::TestScriptSandbox::test_initialization PASSED [ 23%]
tests/executor/test_script_executor.py::TestScriptSandbox::test_initialization_without_imports PASSED [ 23%]
tests/executor/test_script_executor.py::TestScriptSandbox::test_execute_simple_script PASSED [ 23%]
tests/executor/test_script_executor.py::TestScriptSandbox::test_execute_script_with_print PASSED [ 23%]
tests/executor/test_script_executor.py::TestScriptSandbox::test_execute_script_with_syntax_error PASSED [ 23%]
tests/executor/test_script_executor.py::TestScriptSandbox::test_execute_script_with_runtime_error PASSED [ 24%]
tests/executor/test_script_executor.py::TestScriptSandbox::test_variable_get_var PASSED [ 24%]
tests/executor/test_script_executor.py::TestScriptSandbox::test_variable_set_var PASSED [ 24%]
tests/executor/test_script_executor.py::TestScriptSandbox::test_variable_get_all_vars PASSED [ 24%]
tests/executor/test_script_executor.py::TestScriptSandbox::test_safe_import_allowed_module PASSED [ 24%]
tests/executor/test_script_executor.py::TestScriptSandbox::test_safe_import_blocked_module PASSED [ 25%]
tests/executor/test_script_executor.py::TestScriptSandbox::test_blocked_builtin_functions PASSED [ 25%]
tests/executor/test_script_executor.py::TestScriptSandbox::test_import_from_allowed_module PASSED [ 25%]
tests/executor/test_script_executor.py::TestScriptSandbox::test_import_from_blocked_module PASSED [ 25%]
tests/executor/test_script_executor.py::TestScriptSandbox::test_get_print_output PASSED [ 25%]
tests/executor/test_script_executor.py::TestScriptExecutor::test_initialization PASSED [ 26%]
tests/executor/test_script_executor.py::TestScriptExecutor::test_execute_python_script PASSED [ 26%]
tests/executor/test_script_executor.py::TestScriptExecutor::test_execute_script_without_script_code PASSED [ 26%]
tests/executor/test_script_executor.py::TestScriptExecutor::test_execute_script_with_unsupported_type PASSED [ 26%]
tests/executor/test_script_executor.py::TestScriptExecutor::test_execute_script_with_variable_substitution PASSED [ 26%]
tests/executor/test_script_executor.py::TestScriptExecutor::test_execute_script_with_allow_imports_false PASSED [ 27%]
tests/executor/test_script_executor.py::TestScriptExecutor::test_execute_script_with_security_violation PASSED [ 27%]
tests/executor/test_script_executor.py::TestScriptExecutor::test_render_step PASSED [ 27%]
tests/executor/test_script_executor.py::TestScriptExecutor::test_is_serializable PASSED [ 27%]
tests/executor/test_script_executor.py::TestScriptExecutorScenarios::test_data_transformation_script PASSED [ 27%]
tests/executor/test_script_executor.py::TestScriptExecutorScenarios::test_custom_validation_script PASSED [ 28%]
tests/executor/test_step_executor.py::TestStepExecutor::test_initialization PASSED [ 28%]
tests/executor/test_step_executor.py::TestStepExecutor::test_initialization_with_custom_timeout_and_retry PASSED [ 28%]
tests/executor/test_step_executor.py::TestStepExecutor::test_execute_success PASSED [ 28%]
tests/executor/test_step_executor.py::TestStepExecutor::test_should_execute_no_conditions PASSED [ 28%]
tests/executor/test_step_executor.py::TestStepExecutor::test_should_execute_with_skip_if_true PASSED [ 29%]
tests/executor/test_step_executor.py::TestStepExecutor::test_should_execute_with_skip_if_false PASSED [ 29%]
tests/executor/test_step_executor.py::TestStepExecutor::test_should_execute_with_only_if_true PASSED [ 29%]
tests/executor/test_step_executor.py::TestStepExecutor::test_should_execute_with_only_if_false PASSED [ 29%]
tests/executor/test_step_executor.py::TestStepExecutor::test_should_execute_with_depends_on_success PASSED [ 29%]
tests/executor/test_step_executor.py::TestStepExecutor::test_should_execute_with_depends_on_failure PASSED [ 30%]
tests/executor/test_step_executor.py::TestStepExecutor::test_should_execute_with_depends_on_not_found PASSED [ 30%]
tests/executor/test_step_executor.py::TestStepExecutor::test_render_step_basic PASSED [ 30%]
tests/executor/test_step_executor.py::TestStepExecutor::test_render_step_with_params PASSED [ 30%]
tests/executor/test_step_executor.py::TestStepExecutor::test_render_step_with_headers PASSED [ 30%]
tests/executor/test_step_executor.py::TestStepExecutor::test_render_step_with_body_dict PASSED [ 30%]
tests/executor/test_step_executor.py::TestStepExecutor::test_render_step_with_body_string PASSED [ 31%]
tests/executor/test_step_executor.py::TestStepExecutor::test_create_performance_metrics PASSED [ 31%]
tests/executor/test_step_executor.py::TestStepExecutor::test_execute_with_skip_if PASSED [ 31%]
tests/executor/test_step_executor.py::TestStepExecutor::test_execute_with_only_if_false PASSED [ 31%]
tests/executor/test_step_executor.py::TestStepExecutor::test_create_error_info_assertion_error PASSED [ 31%]
tests/executor/test_step_executor.py::TestStepExecutor::test_create_error_info_network_error PASSED [ 32%]
tests/executor/test_step_executor.py::TestStepExecutor::test_create_error_info_timeout_error PASSED [ 32%]
tests/executor/test_step_executor.py::TestStepExecutorWithRetry::test_retry_manager_initialization_with_policy PASSED [ 32%]
tests/executor/test_step_executor.py::TestStepExecutorWithRetry::test_retry_manager_initialization_with_legacy_retry_times PASSED [ 32%]
tests/executor/test_wait_executor.py::TestWaitExecutor::test_initialization PASSED [ 32%]
tests/executor/test_wait_executor.py::TestWaitExecutor::test_fixed_wait_execution PASSED [ 33%]
tests/executor/test_wait_executor.py::TestWaitExecutor::test_fixed_wait_with_variable PASSED [ 33%]
tests/executor/test_wait_executor.py::TestWaitExecutor::test_fixed_wait_invalid_value PASSED [ 33%]
tests/executor/test_wait_executor.py::TestWaitExecutor::test_fixed_wait_negative_value PASSED [ 33%]
tests/executor/test_wait_executor.py::TestWaitExecutor::test_fixed_wait_exceeds_timeout PASSED [ 33%]
tests/executor/test_wait_executor.py::TestWaitExecutor::test_conditional_wait_success PASSED [ 34%]
tests/executor/test_wait_executor.py::TestWaitExecutor::test_conditional_wait_timeout PASSED [ 34%]
tests/executor/test_wait_executor.py::TestWaitExecutor::test_conditional_wait_invalid_interval PASSED [ 34%]
tests/executor/test_wait_executor.py::TestWaitExecutor::test_conditional_wait_invalid_max_wait PASSED [ 34%]
tests/executor/test_wait_executor.py::TestWaitExecutor::test_conditional_wait_max_wait_exceeds_timeout PASSED [ 34%]
tests/executor/test_wait_executor.py::TestWaitExecutor::test_wait_without_seconds_or_condition PASSED [ 35%]
tests/executor/test_wait_executor.py::TestWaitExecutor::test_is_condition_true_true_values PASSED [ 35%]
tests/executor/test_wait_executor.py::TestWaitExecutor::test_is_condition_true_false_values PASSED [ 35%]
tests/executor/test_wait_executor.py::TestWaitExecutor::test_render_step_with_seconds PASSED [ 35%]
tests/executor/test_wait_executor.py::TestWaitExecutor::test_render_step_with_condition PASSED [ 35%]
tests/executor/test_wait_executor.py::TestWaitExecutor::test_render_step_with_interval_and_max_wait PASSED [ 36%]
tests/executor/test_wait_executor.py::TestWaitExecutorScenarios::test_wait_for_api_ready PASSED [ 36%]
tests/executor/test_wait_executor.py::TestWaitExecutorScenarios::test_short_wait_between_steps PASSED [ 36%]
tests/extractor/test_extractors.py::TestJSONPathExtractor::test_extract_root PASSED [ 36%]
tests/extractor/test_extractors.py::TestJSONPathExtractor::test_extract_child_node PASSED [ 36%]
tests/extractor/test_extractors.py::TestJSONPathExtractor::test_extract_nested_node PASSED [ 37%]
tests/extractor/test_extractors.py::TestJSONPathExtractor::test_extract_array_index PASSED [ 37%]
tests/extractor/test_extractors.py::TestJSONPathExtractor::test_extract_array_slice PASSED [ 37%]
tests/extractor/test_extractors.py::TestJSONPathExtractor::test_extract_wildcard PASSED [ 37%]
tests/extractor/test_extractors.py::TestJSONPathExtractor::test_extract_recursive_search PASSED [ 37%]
tests/extractor/test_extractors.py::TestJSONPathExtractor::test_extract_with_index PASSED [ 38%]
tests/extractor/test_extractors.py::TestJSONPathExtractor::test_extract_invalid_path PASSED [ 38%]
tests/extractor/test_extractors.py::TestJSONPathExtractor::test_extract_no_match PASSED [ 38%]
tests/extractor/test_extractors.py::TestJSONPathExtractor::test_extract_index_out_of_range PASSED [ 38%]
tests/extractor/test_extractors.py::TestJSONPathExtractor::test_extract_from_array_at_root PASSED [ 38%]
tests/extractor/test_extractors.py::TestJSONPathExtractor::test_extract_nested_array PASSED [ 39%]
tests/extractor/test_extractors.py::TestJSONPathExtractor::test_extract_multiple_matches_index PASSED [ 39%]
tests/extractor/test_extractors.py::TestRegexExtractor::test_extract_full_match PASSED [ 39%]
tests/extractor/test_extractors.py::TestRegexExtractor::test_extract_group PASSED [ 39%]
tests/extractor/test_extractors.py::TestRegexExtractor::test_extract_multiple_groups PASSED [ 39%]
tests/extractor/test_extractors.py::TestRegexExtractor::test_extract_named_group PASSED [ 40%]
tests/extractor/test_extractors.py::TestRegexExtractor::test_extract_no_match PASSED [ 40%]
tests/extractor/test_extractors.py::TestRegexExtractor::test_extract_from_non_string PASSED [ 40%]
tests/extractor/test_extractors.py::TestRegexExtractor::test_extract_invalid_regex PASSED [ 40%]
tests/extractor/test_extractors.py::TestRegexExtractor::test_extract_group_index_out_of_range PASSED [ 40%]
tests/extractor/test_extractors.py::TestRegexExtractor::test_extract_special_characters PASSED [ 40%]
tests/extractor/test_extractors.py::TestRegexExtractor::test_extract_with_flags_implicit PASSED [ 41%]
tests/extractor/test_extractors.py::TestRegexExtractor::test_extract_email_pattern PASSED [ 41%]
tests/extractor/test_extractors.py::TestRegexExtractor::test_extract_url_pattern PASSED [ 41%]
tests/extractor/test_extractors.py::TestRegexExtractor::test_extract_digits PASSED [ 41%]
tests/extractor/test_extractors.py::TestRegexExtractor::test_extract_word_boundary PASSED [ 41%]
tests/extractor/test_extractors.py::TestHeaderExtractor::test_extract_header PASSED [ 42%]
tests/extractor/test_extractors.py::TestHeaderExtractor::test_extract_header_case_insensitive PASSED [ 42%]
tests/extractor/test_extractors.py::TestHeaderExtractor::test_extract_nonexistent_header PASSED [ 42%]
tests/extractor/test_extractors.py::TestHeaderExtractor::test_extract_from_non_dict_data PASSED [ 42%]
tests/extractor/test_extractors.py::TestHeaderExtractor::test_extract_from_dict_without_headers PASSED [ 42%]
tests/extractor/test_extractors.py::TestHeaderExtractor::test_extract_with_invalid_headers_field PASSED [ 43%]
tests/extractor/test_extractors.py::TestHeaderExtractor::test_extract_custom_header PASSED [ 43%]
tests/extractor/test_extractors.py::TestHeaderExtractor::test_extract_authorization_header PASSED [ 43%]
tests/extractor/test_extractors.py::TestHeaderExtractor::test_extract_ignores_index_parameter PASSED [ 43%]
tests/extractor/test_extractors.py::TestCookieExtractor::test_extract_cookie PASSED [ 43%]
tests/extractor/test_extractors.py::TestCookieExtractor::test_extract_nonexistent_cookie PASSED [ 44%]
tests/extractor/test_extractors.py::TestCookieExtractor::test_extract_from_non_dict_data PASSED [ 44%]
tests/extractor/test_extractors.py::TestCookieExtractor::test_extract_from_dict_without_cookies PASSED [ 44%]
tests/extractor/test_extractors.py::TestCookieExtractor::test_extract_with_invalid_cookies_field PASSED [ 44%]
tests/extractor/test_extractors.py::TestCookieExtractor::test_extract_user_token_cookie PASSED [ 44%]
tests/extractor/test_extractors.py::TestCookieExtractor::test_extract_preferences_cookie PASSED [ 45%]
tests/extractor/test_extractors.py::TestCookieExtractor::test_extract_is_case_sensitive PASSED [ 45%]
tests/extractor/test_extractors.py::TestCookieExtractor::test_extract_ignores_index_parameter PASSED [ 45%]
tests/extractor/test_extractors.py::TestExtractorEdgeCases::test_jsonpath_extract_empty_data PASSED [ 45%]
tests/extractor/test_extractors.py::TestExtractorEdgeCases::test_jsonpath_extract_null_value PASSED [ 45%]
tests/extractor/test_extractors.py::TestExtractorEdgeCases::test_regex_extract_empty_string PASSED [ 46%]
tests/extractor/test_extractors.py::TestExtractorEdgeCases::test_regex_extract_with_newlines PASSED [ 46%]
tests/extractor/test_extractors.py::TestExtractorEdgeCases::test_header_extract_empty_dict PASSED [ 46%]
tests/extractor/test_extractors.py::TestExtractorEdgeCases::test_cookie_extract_empty_dict PASSED [ 46%]
tests/extractor/test_extractors.py::TestExtractorEdgeCases::test_jsonpath_extract_boolean_value PASSED [ 46%]
tests/extractor/test_extractors.py::TestExtractorEdgeCases::test_jsonpath_extract_numeric_value PASSED [ 47%]
tests/extractor/test_extractors.py::TestExtractorEdgeCases::test_regex_extract_complex_pattern PASSED [ 47%]
tests/extractor/test_extractors.py::TestExtractorEdgeCases::test_header_extract_with_multiple_values PASSED [ 47%]
tests/extractor/test_extractors.py::TestExtractorEdgeCases::test_cookie_extract_with_special_chars PASSED [ 47%]
tests/integration/test_end_to_end.py::TestBasicExecution::test_simple_wait_execution PASSED [ 47%]
tests/integration/test_end_to_end.py::TestBasicExecution::test_multiple_sequential_steps PASSED [ 48%]
tests/integration/test_end_to_end.py::TestBasicExecution::test_step_with_skip_condition PASSED [ 48%]
tests/integration/test_end_to_end.py::TestBasicExecution::test_step_with_only_if_condition PASSED [ 48%]
tests/integration/test_end_to_end.py::TestBasicExecution::test_depends_on_feature PASSED [ 48%]
tests/integration/test_end_to_end.py::TestLoopExecution::test_for_loop_execution PASSED [ 48%]
tests/integration/test_end_to_end.py::TestLoopExecution::test_while_loop_execution PASSED [ 49%]
tests/integration/test_end_to_end.py::TestConcurrentExecution::test_concurrent_steps_execution PASSED [ 49%]
tests/integration/test_end_to_end.py::TestScriptExecution::test_script_execution PASSED [ 49%]
tests/integration/test_end_to_end.py::TestVariableManagement::test_variable_substitution PASSED [ 49%]
tests/integration/test_end_to_end.py::TestVariableManagement::test_variable_manager_operations PASSED [ 49%]
tests/integration/test_end_to_end.py::TestVariableManagement::test_nested_variable_access PASSED [ 50%]
tests/integration/test_end_to_end.py::TestResultFormats::test_json_export_format PASSED [ 50%]
tests/integration/test_end_to_end.py::TestResultFormats::test_result_structure PASSED [ 50%]
tests/integration/test_end_to_end.py::TestErrorHandling::test_invalid_loop_configuration PASSED [ 50%]
tests/integration/test_end_to_end.py::TestErrorHandling::test_empty_test_case PASSED [ 50%]
tests/mock/test_models.py::TestDelayConfig::test_fixed_delay PASSED      [ 50%]
tests/mock/test_models.py::TestDelayConfig::test_random_delay_range PASSED [ 51%]
tests/mock/test_models.py::TestDelayConfig::test_delay_with_jitter PASSED [ 51%]
tests/mock/test_models.py::TestDelayConfig::test_delay_no_negative PASSED [ 51%]
tests/mock/test_models.py::TestDelayConfig::test_fixed_delay_takes_precedence PASSED [ 51%]
tests/mock/test_models.py::TestFailureConfig::test_should_fail_always PASSED [ 51%]
tests/mock/test_models.py::TestFailureConfig::test_should_fail_never PASSED [ 52%]
tests/mock/test_models.py::TestFailureConfig::test_should_fail_sometimes PASSED [ 52%]
tests/mock/test_models.py::TestFailureConfig::test_failure_types PASSED  [ 52%]
tests/mock/test_models.py::TestMockResponse::test_basic_response PASSED  [ 52%]
tests/mock/test_models.py::TestMockResponse::test_response_with_headers PASSED [ 52%]
tests/mock/test_models.py::TestMockResponse::test_response_with_delay PASSED [ 53%]
tests/mock/test_models.py::TestMockResponse::test_response_with_failure PASSED [ 53%]
tests/mock/test_models.py::TestMockResponse::test_to_dict PASSED         [ 53%]
tests/mock/test_models.py::TestRequestMatcher::test_exact_method_match PASSED [ 53%]
tests/mock/test_models.py::TestRequestMatcher::test_exact_path_match PASSED [ 53%]
tests/mock/test_models.py::TestRequestMatcher::test_regex_path_match PASSED [ 54%]
tests/mock/test_models.py::TestRequestMatcher::test_contains_path_match PASSED [ 54%]
tests/mock/test_models.py::TestRequestMatcher::test_query_params_match PASSED [ 54%]
tests/mock/test_models.py::TestRequestMatcher::test_headers_match PASSED [ 54%]
tests/mock/test_models.py::TestRequestMatcher::test_body_exact_match PASSED [ 54%]
tests/mock/test_models.py::TestRequestMatcher::test_body_regex_match PASSED [ 55%]
tests/mock/test_models.py::TestRequestMatcher::test_body_contains_match PASSED [ 55%]
tests/mock/test_models.py::TestRequestMatcher::test_invalid_regex_pattern PASSED [ 55%]
tests/mock/test_models.py::TestMockRule::test_rule_matches PASSED        [ 55%]
tests/mock/test_models.py::TestMockRule::test_disabled_rule PASSED       [ 55%]
tests/mock/test_models.py::TestMockRule::test_rule_priority PASSED       [ 56%]
tests/mock/test_models.py::TestMockServerConfig::test_initialization PASSED [ 56%]
tests/mock/test_models.py::TestMockServerConfig::test_custom_host_port PASSED [ 56%]
tests/mock/test_models.py::TestMockServerConfig::test_add_rule PASSED    [ 56%]
tests/mock/test_models.py::TestMockServerConfig::test_remove_rule PASSED [ 56%]
tests/mock/test_models.py::TestMockServerConfig::test_remove_nonexistent_rule PASSED [ 57%]
tests/mock/test_models.py::TestMockServerConfig::test_get_rule PASSED    [ 57%]
tests/mock/test_models.py::TestMockServerConfig::test_get_nonexistent_rule PASSED [ 57%]
tests/mock/test_models.py::TestMockServerConfig::test_find_matching_rule PASSED [ 57%]
tests/mock/test_models.py::TestMockServerConfig::test_priority_ordering PASSED [ 57%]
tests/mock/test_models.py::TestIntegration::test_complete_flow PASSED    [ 58%]
tests/mock/test_models.py::TestIntegration::test_rule_with_all_features PASSED [ 58%]
tests/mock/test_server.py::TestMockServerBasic::test_server_initialization PASSED [ 58%]
tests/mock/test_server.py::TestMockServerBasic::test_add_rule PASSED     [ 58%]
tests/mock/test_server.py::TestMockServerBasic::test_remove_rule PASSED  [ 58%]
tests/mock/test_server.py::TestMockServerBasic::test_list_rules PASSED   [ 59%]
tests/mock/test_server.py::TestMockServerIntegration::test_get_users_request PASSED [ 59%]
tests/mock/test_server.py::TestMockServerIntegration::test_get_user_by_id_request PASSED [ 59%]
tests/mock/test_server.py::TestMockServerIntegration::test_regex_rule_matching PASSED [ 59%]
tests/mock/test_server.py::TestMockServerIntegration::test_no_matching_rule PASSED [ 59%]
tests/mock/test_server.py::TestMockServerIntegration::test_post_request PASSED [ 60%]
tests/mock/test_server.py::TestMockServerIntegration::test_custom_headers PASSED [ 60%]
tests/mock/test_server.py::TestMockServerIntegration::test_health_check PASSED [ 60%]
tests/mock/test_server.py::TestMockServerIntegration::test_list_rules_endpoint PASSED [ 60%]
tests/mock/test_server.py::TestMockServerIntegration::test_delay_simulation PASSED [ 60%]
tests/mock/test_server.py::TestMockServerIntegration::test_http_failure_simulation PASSED [ 60%]
tests/mock/test_server.py::TestMockServerIntegration::test_query_param_matching PASSED [ 61%]
tests/mock/test_server.py::TestMockServerIntegration::test_header_matching PASSED [ 61%]
tests/mock/test_server.py::TestMockServerIntegration::test_priority_ordering PASSED [ 61%]
tests/mock/test_server.py::TestMockServerIntegration::test_disabled_rule PASSED [ 61%]
tests/mock/test_server.py::TestMockServerIntegration::test_delete_rule_endpoint PASSED [ 61%]
tests/mock/test_server.py::TestMockServerAdvanced::test_complex_matcher PASSED [ 62%]
tests/mock/test_server.py::TestMockServerAdvanced::test_body_matching PASSED [ 62%]
tests/mock/test_server.py::TestMockServerAdvanced::test_random_delay PASSED [ 62%]
tests/parser/test_v2_yaml_parser.py::TestV2YamlParserInit::test_init PASSED [ 62%]
tests/parser/test_v2_yaml_parser.py::TestParseBasic::test_parse_simple_test_case PASSED [ 62%]
tests/parser/test_v2_yaml_parser.py::TestParseBasic::test_parse_string PASSED [ 63%]
tests/parser/test_v2_yaml_parser.py::TestParseBasic::test_parse_file_not_found PASSED [ 63%]
tests/parser/test_v2_yaml_parser.py::TestParseBasic::test_parse_empty_file PASSED [ 63%]
tests/parser/test_v2_yaml_parser.py::TestParseBasic::test_parse_invalid_yaml PASSED [ 63%]
tests/parser/test_v2_yaml_parser.py::TestParseBasic::test_parse_empty_string PASSED [ 63%]
tests/parser/test_v2_yaml_parser.py::TestParseConfig::test_parse_config_with_profiles PASSED [ 64%]
tests/parser/test_v2_yaml_parser.py::TestParseConfig::test_parse_config_no_profiles PASSED [ 64%]
tests/parser/test_v2_yaml_parser.py::TestParseConfig::test_parse_config_none PASSED [ 64%]
tests/parser/test_v2_yaml_parser.py::TestParseConfig::test_parse_concurrent_config PASSED [ 64%]
tests/parser/test_v2_yaml_parser.py::TestParseConfig::test_parse_data_source_config PASSED [ 64%]
tests/parser/test_v2_yaml_parser.py::TestParseSteps::test_parse_request_step PASSED [ 65%]
tests/parser/test_v2_yaml_parser.py::TestParseSteps::test_parse_database_step PASSED [ 65%]
tests/parser/test_v2_yaml_parser.py::TestParseSteps::test_parse_wait_step PASSED [ 65%]
tests/parser/test_v2_yaml_parser.py::TestParseSteps::test_parse_wait_step_with_condition PASSED [ 65%]
tests/parser/test_v2_yaml_parser.py::TestParseSteps::test_parse_loop_step PASSED [ 65%]
tests/parser/test_v2_yaml_parser.py::TestParseSteps::test_parse_while_loop PASSED [ 66%]
tests/parser/test_v2_yaml_parser.py::TestParseSteps::test_parse_concurrent_step PASSED [ 66%]
tests/parser/test_v2_yaml_parser.py::TestParseSteps::test_parse_script_step PASSED [ 66%]
tests/parser/test_v2_yaml_parser.py::TestParseSteps::test_parse_step_default_type PASSED [ 66%]
tests/parser/test_v2_yaml_parser.py::TestParseValidations::test_parse_validations PASSED [ 66%]
tests/parser/test_v2_yaml_parser.py::TestParseValidations::test_parse_validation_default_values PASSED [ 67%]
tests/parser/test_v2_yaml_parser.py::TestParseExtractors::test_parse_extractors PASSED [ 67%]
tests/parser/test_v2_yaml_parser.py::TestParseExtractors::test_parse_extractor_defaults PASSED [ 67%]
tests/parser/test_v2_yaml_parser.py::TestParseStepControl::test_parse_skip_if PASSED [ 67%]
tests/parser/test_v2_yaml_parser.py::TestParseStepControl::test_parse_only_if PASSED [ 67%]
tests/parser/test_v2_yaml_parser.py::TestParseStepControl::test_parse_depends_on PASSED [ 68%]
tests/parser/test_v2_yaml_parser.py::TestParseStepControl::test_parse_timeout_and_retry PASSED [ 68%]
tests/parser/test_v2_yaml_parser.py::TestParseStepControl::test_parse_retry_policy PASSED [ 68%]
tests/parser/test_v2_yaml_parser.py::TestParseSetupTeardown::test_parse_setup_teardown PASSED [ 68%]
tests/parser/test_v2_yaml_parser.py::TestParseSetupTeardown::test_parse_test_case_setup_teardown PASSED [ 68%]
tests/parser/test_v2_yaml_parser.py::TestParseTagsAndEnabled::test_parse_tags PASSED [ 69%]
tests/parser/test_v2_yaml_parser.py::TestParseTagsAndEnabled::test_parse_enabled_true PASSED [ 69%]
tests/parser/test_v2_yaml_parser.py::TestParseTagsAndEnabled::test_parse_enabled_false PASSED [ 69%]
tests/parser/test_v2_yaml_parser.py::TestParseTagsAndEnabled::test_parse_enabled_default PASSED [ 69%]
tests/parser/test_v2_yaml_parser.py::TestValidateYaml::test_validate_valid_file PASSED [ 69%]
tests/parser/test_v2_yaml_parser.py::TestValidateYaml::test_validate_missing_name PASSED [ 70%]
tests/parser/test_v2_yaml_parser.py::TestValidateYaml::test_validate_missing_steps PASSED [ 70%]
tests/parser/test_v2_yaml_parser.py::TestValidateYaml::test_validate_empty_steps PASSED [ 70%]
tests/parser/test_v2_yaml_parser.py::TestValidateYaml::test_validate_invalid_steps_type PASSED [ 70%]
tests/parser/test_v2_yaml_parser.py::TestValidateYaml::test_validate_file_not_found PASSED [ 70%]
tests/parser/test_v2_yaml_parser.py::TestConvenienceFunctions::test_parse_yaml_file PASSED [ 70%]
tests/parser/test_v2_yaml_parser.py::TestConvenienceFunctions::test_parse_yaml_string PASSED [ 71%]
tests/parser/test_v2_yaml_parser.py::TestStepNameSyntax::test_parse_step_with_dict_syntax PASSED [ 71%]
tests/parser/test_v2_yaml_parser.py::TestStepNameSyntax::test_parse_step_with_name_field PASSED [ 71%]
tests/parser/test_v2_yaml_parser.py::TestEdgeCases::test_parse_with_missing_optional_fields PASSED [ 71%]
tests/parser/test_v2_yaml_parser.py::TestEdgeCases::test_parse_with_null_values PASSED [ 71%]
tests/parser/test_v2_yaml_parser.py::TestEdgeCases::test_parse_multiple_steps PASSED [ 72%]
tests/result/test_exporters.py::TestJUnitExporter::test_export_simple_result PASSED [ 72%]
tests/result/test_exporters.py::TestJUnitExporter::test_export_with_failure PASSED [ 72%]
tests/result/test_exporters.py::TestJUnitExporter::test_save_to_file PASSED [ 72%]
tests/result/test_exporters.py::TestMultiTestSuiteJUnitExporter::test_export_multiple_results PASSED [ 72%]
tests/result/test_exporters.py::TestHTMLExporter::test_export_simple_result PASSED [ 73%]
tests/result/test_exporters.py::TestHTMLExporter::test_export_with_failure PASSED [ 73%]
tests/result/test_exporters.py::TestHTMLExporter::test_export_with_variables PASSED [ 73%]
tests/result/test_exporters.py::TestHTMLExporter::test_html_theme_support PASSED [ 73%]
tests/result/test_exporters.py::TestHTMLExporter::test_save_to_file PASSED [ 73%]
tests/result/test_json_exporter.py::TestJSONExporter::test_initialization PASSED [ 74%]
tests/result/test_json_exporter.py::TestJSONExporter::test_initialization_without_masking PASSED [ 74%]
tests/result/test_json_exporter.py::TestJSONExporter::test_initialization_custom_patterns PASSED [ 74%]
tests/result/test_json_exporter.py::TestJSONExporter::test_collect_successful_test_case PASSED [ 74%]
tests/result/test_json_exporter.py::TestJSONExporter::test_collect_failed_test_case PASSED [ 74%]
tests/result/test_json_exporter.py::TestJSONExporter::test_collect_skipped_test_case PASSED [ 75%]
tests/result/test_json_exporter.py::TestJSONExporter::test_collect_mixed_results PASSED [ 75%]
tests/result/test_json_exporter.py::TestJSONExporter::test_to_v2_json_format PASSED [ 75%]
tests/result/test_json_exporter.py::TestJSONExporter::test_mask_variables PASSED [ 75%]
tests/result/test_json_exporter.py::TestJSONExporter::test_mask_variables_disabled PASSED [ 75%]
tests/result/test_json_exporter.py::TestJSONExporter::test_mask_sensitive_data_dict PASSED [ 76%]
tests/result/test_json_exporter.py::TestJSONExporter::test_mask_sensitive_data_list PASSED [ 76%]
tests/result/test_json_exporter.py::TestJSONExporter::test_format_step_result_with_performance PASSED [ 76%]
tests/result/test_json_exporter.py::TestJSONExporter::test_format_step_result_with_error PASSED [ 76%]
tests/result/test_json_exporter.py::TestJSONExporter::test_to_compact_json PASSED [ 76%]
tests/result/test_json_exporter.py::TestJSONExporter::test_to_csv PASSED [ 77%]
tests/result/test_json_exporter.py::TestJSONExporter::test_save_json PASSED [ 77%]
tests/result/test_json_exporter.py::TestJSONExporter::test_save_csv PASSED [ 77%]
tests/result/test_json_exporter.py::TestJSONExporter::test_collect_final_variables PASSED [ 77%]
tests/result/test_json_exporter.py::TestJSONExporter::test_duration_calculation PASSED [ 77%]
tests/result/test_json_exporter.py::TestJSONExporter::test_format_error_info PASSED [ 78%]
tests/result/test_json_exporter.py::TestJSONExporter::test_collect_with_no_step_results PASSED [ 78%]
tests/result/test_json_exporter.py::TestJSONExporterEdgeCases::test_collect_with_none_times PASSED [ 78%]
tests/result/test_json_exporter.py::TestJSONExporterEdgeCases::test_mask_data_with_non_dict_values PASSED [ 78%]
tests/result/test_json_exporter.py::TestJSONExporterEdgeCases::test_to_csv_with_sensitive_data PASSED [ 78%]
tests/utils/test_error_utils.py::TestErrorClassifier::test_classify_network_error PASSED [ 79%]
tests/utils/test_error_utils.py::TestErrorClassifier::test_classify_timeout_error PASSED [ 79%]
tests/utils/test_error_utils.py::TestErrorClassifier::test_classify_parsing_error PASSED [ 79%]
tests/utils/test_error_utils.py::TestErrorClassifier::test_classify_assertion_error PASSED [ 79%]
tests/utils/test_error_utils.py::TestErrorClassifier::test_suggestion_generation_for_connection_error PASSED [ 79%]
tests/utils/test_error_utils.py::TestErrorClassifier::test_suggestion_generation_for_timeout PASSED [ 80%]
tests/utils/test_error_utils.py::TestErrorClassifier::test_suggestion_generation_for_401_error PASSED [ 80%]
tests/utils/test_error_utils.py::TestErrorClassifier::test_suggestion_generation_for_404_error PASSED [ 80%]
tests/utils/test_error_utils.py::TestErrorClassifier::test_error_code_generation PASSED [ 80%]
tests/utils/test_error_utils.py::TestErrorClassifier::test_context_preservation PASSED [ 80%]
tests/utils/test_error_utils.py::TestErrorFormatting::test_format_error_basic PASSED [ 80%]
tests/utils/test_error_utils.py::TestErrorFormatting::test_format_error_verbose PASSED [ 81%]
tests/utils/test_error_utils.py::TestErrorFormatting::test_format_error_with_context PASSED [ 81%]
tests/utils/test_error_utils.py::TestErrorFormatting::test_create_error_from_exception PASSED [ 81%]
tests/utils/test_error_utils.py::TestErrorSeverity::test_critical_severity PASSED [ 81%]
tests/utils/test_error_utils.py::TestErrorSeverity::test_high_severity_network PASSED [ 81%]
tests/utils/test_error_utils.py::TestErrorSeverity::test_medium_severity_assertion PASSED [ 82%]
tests/utils/test_error_utils.py::TestErrorSeverity::test_low_severity_business PASSED [ 82%]
tests/utils/test_error_utils.py::test_contextual_suggestions[connection refused-expected_keywords0] PASSED [ 82%]
tests/utils/test_error_utils.py::test_contextual_suggestions[timeout-expected_keywords1] PASSED [ 82%]
tests/utils/test_error_utils.py::test_contextual_suggestions[401 unauthorized-expected_keywords2] PASSED [ 82%]
tests/utils/test_error_utils.py::test_contextual_suggestions[403 forbidden-expected_keywords3] PASSED [ 83%]
tests/utils/test_error_utils.py::test_contextual_suggestions[404 not found-expected_keywords4] PASSED [ 83%]
tests/utils/test_error_utils.py::test_contextual_suggestions[500 internal server error-expected_keywords5] PASSED [ 83%]
tests/validation/test_comparators.py::TestEqualityComparators::test_compare_eq_equal PASSED [ 83%]
tests/validation/test_comparators.py::TestEqualityComparators::test_compare_eq_not_equal PASSED [ 83%]
tests/validation/test_comparators.py::TestEqualityComparators::test_compare_ne_equal PASSED [ 84%]
tests/validation/test_comparators.py::TestEqualityComparators::test_compare_ne_not_equal PASSED [ 84%]
tests/validation/test_comparators.py::TestOrderingComparators::test_compare_gt PASSED [ 84%]
tests/validation/test_comparators.py::TestOrderingComparators::test_compare_lt PASSED [ 84%]
tests/validation/test_comparators.py::TestOrderingComparators::test_compare_ge PASSED [ 84%]
tests/validation/test_comparators.py::TestOrderingComparators::test_compare_le PASSED [ 85%]
tests/validation/test_comparators.py::TestOrderingComparators::test_compare_with_strings PASSED [ 85%]
tests/validation/test_comparators.py::TestContainsComparators::test_compare_contains_string PASSED [ 85%]
tests/validation/test_comparators.py::TestContainsComparators::test_compare_contains_list PASSED [ 85%]
tests/validation/test_comparators.py::TestContainsComparators::test_compare_contains_dict PASSED [ 85%]
tests/validation/test_comparators.py::TestContainsComparators::test_compare_not_contains PASSED [ 86%]
tests/validation/test_comparators.py::TestRegexComparator::test_compare_regex_match PASSED [ 86%]
tests/validation/test_comparators.py::TestRegexComparator::test_compare_regex_no_match PASSED [ 86%]
tests/validation/test_comparators.py::TestRegexComparator::test_compare_regex_with_digits PASSED [ 86%]
tests/validation/test_comparators.py::TestRegexComparator::test_compare_regex_non_string PASSED [ 86%]
tests/validation/test_comparators.py::TestTypeComparator::test_compare_type_string PASSED [ 87%]
tests/validation/test_comparators.py::TestTypeComparator::test_compare_type_integer PASSED [ 87%]
tests/validation/test_comparators.py::TestTypeComparator::test_compare_type_float PASSED [ 87%]
tests/validation/test_comparators.py::TestTypeComparator::test_compare_type_boolean PASSED [ 87%]
tests/validation/test_comparators.py::TestTypeComparator::test_compare_type_list PASSED [ 87%]
tests/validation/test_comparators.py::TestTypeComparator::test_compare_type_dict PASSED [ 88%]
tests/validation/test_comparators.py::TestTypeComparator::test_compare_type_none PASSED [ 88%]
tests/validation/test_comparators.py::TestTypeComparator::test_compare_type_mismatch PASSED [ 88%]
tests/validation/test_comparators.py::TestTypeComparator::test_compare_type_invalid_type_string PASSED [ 88%]
tests/validation/test_comparators.py::TestInComparators::test_compare_in_list PASSED [ 88%]
tests/validation/test_comparators.py::TestInComparators::test_compare_in_tuple PASSED [ 89%]
tests/validation/test_comparators.py::TestInComparators::test_compare_in_not_list PASSED [ 89%]
tests/validation/test_comparators.py::TestInComparators::test_compare_not_in_list PASSED [ 89%]
tests/validation/test_comparators.py::TestLengthComparators::test_compare_length_eq PASSED [ 89%]
tests/validation/test_comparators.py::TestLengthComparators::test_compare_length_eq_string PASSED [ 89%]
tests/validation/test_comparators.py::TestLengthComparators::test_compare_length_eq_dict PASSED [ 90%]
tests/validation/test_comparators.py::TestLengthComparators::test_compare_length_gt PASSED [ 90%]
tests/validation/test_comparators.py::TestLengthComparators::test_compare_length_lt PASSED [ 90%]
tests/validation/test_comparators.py::TestLengthComparators::test_compare_length_no_len PASSED [ 90%]
tests/validation/test_comparators.py::TestEmptyComparators::test_compare_is_empty_string PASSED [ 90%]
tests/validation/test_comparators.py::TestEmptyComparators::test_compare_is_empty_list PASSED [ 90%]
tests/validation/test_comparators.py::TestEmptyComparators::test_compare_is_empty_dict PASSED [ 91%]
tests/validation/test_comparators.py::TestEmptyComparators::test_compare_is_empty_none PASSED [ 91%]
tests/validation/test_comparators.py::TestEmptyComparators::test_compare_is_null PASSED [ 91%]
tests/validation/test_comparators.py::TestStatusCodeComparator::test_compare_status_code_int PASSED [ 91%]
tests/validation/test_comparators.py::TestStatusCodeComparator::test_compare_status_code_string PASSED [ 91%]
tests/validation/test_comparators.py::TestStatusCodeComparator::test_compare_status_code_mismatch PASSED [ 92%]
tests/validation/test_comparators.py::TestStatusCodeComparator::test_compare_status_code_range PASSED [ 92%]
tests/validation/test_comparators.py::TestStatusCodeComparator::test_compare_status_code_invalid PASSED [ 92%]
tests/validation/test_comparators.py::TestExistsComparator::test_compare_exists_present PASSED [ 92%]
tests/validation/test_comparators.py::TestExistsComparator::test_compare_exists_none PASSED [ 92%]
tests/validation/test_comparators.py::TestExistsComparator::test_compare_exists_empty_string PASSED [ 93%]
tests/validation/test_comparators.py::TestExistsComparator::test_compare_exists_empty_list PASSED [ 93%]
tests/validation/test_comparators.py::TestExistsComparator::test_compare_exists_zero PASSED [ 93%]
tests/validation/test_comparators.py::TestExistsComparator::test_compare_exists_false PASSED [ 93%]
tests/validation/test_comparators.py::TestBetweenComparator::test_compare_between_in_range PASSED [ 93%]
tests/validation/test_comparators.py::TestBetweenComparator::test_compare_between_lower_bound PASSED [ 94%]
tests/validation/test_comparators.py::TestBetweenComparator::test_compare_between_upper_bound PASSED [ 94%]
tests/validation/test_comparators.py::TestBetweenComparator::test_compare_between_below_range PASSED [ 94%]
tests/validation/test_comparators.py::TestBetweenComparator::test_compare_between_above_range PASSED [ 94%]
tests/validation/test_comparators.py::TestBetweenComparator::test_compare_between_invalid_format PASSED [ 94%]
tests/validation/test_comparators.py::TestEdgeCases::test_compare_with_none_values PASSED [ 95%]
tests/validation/test_comparators.py::TestEdgeCases::test_compare_with_boolean_values PASSED [ 95%]
tests/validation/test_comparators.py::TestEdgeCases::test_compare_with_float_precision PASSED [ 95%]
tests/validation/test_comparators.py::TestEdgeCases::test_compare_unicode_strings PASSED [ 95%]
tests/validation/test_comparators.py::TestEdgeCases::test_compare_nested_data_structures PASSED [ 95%]
tests/validation/test_comparators.py::TestEdgeCases::test_compare_with_numeric_strings PASSED [ 96%]
tests/validation/test_comparators.py::TestEdgeCases::test_contains_with_tuple PASSED [ 96%]
tests/validation/test_engine.py::TestValidationEngine::test_initialization PASSED [ 96%]
tests/validation/test_engine.py::TestValidationEngine::test_validate_single_rule_pass PASSED [ 96%]
tests/validation/test_engine.py::TestValidationEngine::test_validate_single_rule_fail PASSED [ 96%]
tests/validation/test_engine.py::TestValidationEngine::test_validate_multiple_rules PASSED [ 97%]
tests/validation/test_engine.py::TestValidationEngine::test_validate_with_jsonpath PASSED [ 97%]
tests/validation/test_engine.py::TestValidationEngine::test_validate_nested_object PASSED [ 97%]
tests/validation/test_engine.py::TestValidationEngine::test_validate_array_element PASSED [ 97%]
tests/validation/test_engine.py::TestValidationEngine::test_validate_with_root_path PASSED [ 97%]
tests/validation/test_engine.py::TestValidationEngine::test_validate_with_empty_rules PASSED [ 98%]
tests/validation/test_engine.py::TestValidationEngine::test_validate_contains PASSED [ 98%]
tests/validation/test_engine.py::TestValidationEngine::test_validate_regex PASSED [ 98%]
tests/validation/test_engine.py::TestValidationEngine::test_validate_type PASSED [ 98%]
tests/validation/test_engine.py::TestValidationEngine::test_validate_in_list PASSED [ 98%]
tests/validation/test_engine.py::TestValidationEngine::test_validate_between PASSED [ 99%]
tests/validation/test_engine.py::TestValidationEngine::test_validate_with_missing_field PASSED [ 99%]
tests/validation/test_engine.py::TestValidationEngine::test_validate_result_structure PASSED [ 99%]
tests/validation/test_engine.py::TestValidationEngine::test_validate_mixed_results PASSED [ 99%]
tests/validation/test_engine.py::TestValidationEngine::test_validate_with_complex_expect PASSED [ 99%]
tests/validation/test_engine.py::TestValidationEngine::test_validate_description_in_result PASSED [100%]

=============================== warnings summary ===============================
apirun/core/models.py:169
  /Users/poco/Documents/Projects/Sisyphus-api-engine/apirun/core/models.py:169: PytestCollectionWarning: cannot collect test class 'TestStep' because it has a __init__ constructor (from: tests/core/test_models.py)
    @dataclass

apirun/core/models.py:267
  /Users/poco/Documents/Projects/Sisyphus-api-engine/apirun/core/models.py:267: PytestCollectionWarning: cannot collect test class 'TestCase' because it has a __init__ constructor (from: tests/core/test_models.py)
    @dataclass

apirun/core/models.py:381
  /Users/poco/Documents/Projects/Sisyphus-api-engine/apirun/core/models.py:381: PytestCollectionWarning: cannot collect test class 'TestCaseResult' because it has a __init__ constructor (from: tests/core/test_models.py)
    @dataclass

apirun/core/models.py:169
  /Users/poco/Documents/Projects/Sisyphus-api-engine/apirun/core/models.py:169: PytestCollectionWarning: cannot collect test class 'TestStep' because it has a __init__ constructor (from: tests/executor/test_api_executor.py)
    @dataclass

apirun/core/models.py:169
  /Users/poco/Documents/Projects/Sisyphus-api-engine/apirun/core/models.py:169: PytestCollectionWarning: cannot collect test class 'TestStep' because it has a __init__ constructor (from: tests/executor/test_loop_executor.py)
    @dataclass

apirun/core/models.py:169
  /Users/poco/Documents/Projects/Sisyphus-api-engine/apirun/core/models.py:169: PytestCollectionWarning: cannot collect test class 'TestStep' because it has a __init__ constructor (from: tests/executor/test_script_executor.py)
    @dataclass

apirun/core/models.py:169
  /Users/poco/Documents/Projects/Sisyphus-api-engine/apirun/core/models.py:169: PytestCollectionWarning: cannot collect test class 'TestStep' because it has a __init__ constructor (from: tests/executor/test_step_executor.py)
    @dataclass

apirun/core/models.py:169
  /Users/poco/Documents/Projects/Sisyphus-api-engine/apirun/core/models.py:169: PytestCollectionWarning: cannot collect test class 'TestStep' because it has a __init__ constructor (from: tests/executor/test_wait_executor.py)
    @dataclass

apirun/executor/test_case_executor.py:21
  /Users/poco/Documents/Projects/Sisyphus-api-engine/apirun/executor/test_case_executor.py:21: PytestCollectionWarning: cannot collect test class 'TestCaseExecutor' because it has a __init__ constructor (from: tests/integration/test_end_to_end.py)
    class TestCaseExecutor:

apirun/core/models.py:267
  /Users/poco/Documents/Projects/Sisyphus-api-engine/apirun/core/models.py:267: PytestCollectionWarning: cannot collect test class 'TestCase' because it has a __init__ constructor (from: tests/integration/test_end_to_end.py)
    @dataclass

apirun/core/models.py:169
  /Users/poco/Documents/Projects/Sisyphus-api-engine/apirun/core/models.py:169: PytestCollectionWarning: cannot collect test class 'TestStep' because it has a __init__ constructor (from: tests/integration/test_end_to_end.py)
    @dataclass

apirun/core/models.py:267
  /Users/poco/Documents/Projects/Sisyphus-api-engine/apirun/core/models.py:267: PytestCollectionWarning: cannot collect test class 'TestCase' because it has a __init__ constructor (from: tests/parser/test_v2_yaml_parser.py)
    @dataclass

apirun/core/models.py:169
  /Users/poco/Documents/Projects/Sisyphus-api-engine/apirun/core/models.py:169: PytestCollectionWarning: cannot collect test class 'TestStep' because it has a __init__ constructor (from: tests/parser/test_v2_yaml_parser.py)
    @dataclass

apirun/core/models.py:381
  /Users/poco/Documents/Projects/Sisyphus-api-engine/apirun/core/models.py:381: PytestCollectionWarning: cannot collect test class 'TestCaseResult' because it has a __init__ constructor (from: tests/result/test_exporters.py)
    @dataclass

apirun/core/models.py:267
  /Users/poco/Documents/Projects/Sisyphus-api-engine/apirun/core/models.py:267: PytestCollectionWarning: cannot collect test class 'TestCase' because it has a __init__ constructor (from: tests/result/test_json_exporter.py)
    @dataclass

apirun/core/models.py:381
  /Users/poco/Documents/Projects/Sisyphus-api-engine/apirun/core/models.py:381: PytestCollectionWarning: cannot collect test class 'TestCaseResult' because it has a __init__ constructor (from: tests/result/test_json_exporter.py)
    @dataclass

-- Docs: https://docs.pytest.org/en/stable/how-to/capture-warnings.html
======================= 510 passed, 16 warnings in 7.48s =======================
